\BOOKMARK [0][-]{section*.1}{摘要}{}% 1
\BOOKMARK [0][-]{section*.2}{Abstract}{}% 2
\BOOKMARK [0][-]{chapter.1}{1 绪论}{}% 3
\BOOKMARK [1][-]{section.1.1}{1.1 研究动机}{chapter.1}% 4
\BOOKMARK [1][-]{section.1.2}{1.2 研究现状}{chapter.1}% 5
\BOOKMARK [1][-]{section.1.3}{1.3 本文贡献}{chapter.1}% 6
\BOOKMARK [0][-]{chapter.2}{2 基于多知识库的表格实体链接}{}% 7
\BOOKMARK [1][-]{section.2.1}{2.1 任务描述}{chapter.2}% 8
\BOOKMARK [1][-]{section.2.2}{2.2 关键挑战}{chapter.2}% 9
\BOOKMARK [1][-]{section.2.3}{2.3 链接流程}{chapter.2}% 10
\BOOKMARK [1][-]{section.2.4}{2.4 本章小结}{chapter.2}% 11
\BOOKMARK [0][-]{chapter.3}{3 描述}{}% 12
\BOOKMARK [1][-]{section.3.1}{3.1 马尔可夫链}{chapter.3}% 13
\BOOKMARK [1][-]{section.3.2}{3.2 随机游走}{chapter.3}% 14
\BOOKMARK [1][-]{section.3.3}{3.3 方法一: 两步走}{chapter.3}% 15
\BOOKMARK [2][-]{subsection.3.3.1}{3.3.1 单知识库表格实体链接}{section.3.3}% 16
\BOOKMARK [2][-]{subsection.3.3.2}{3.3.2 多知识库提升链接结果}{section.3.3}% 17
\BOOKMARK [1][-]{section.3.4}{3.4 方法二: 融合}{chapter.3}% 18
\BOOKMARK [1][-]{section.3.5}{3.5 sameAs 关系的学习}{chapter.3}% 19
\BOOKMARK [1][-]{section.3.6}{3.6 本章小结}{chapter.3}% 20
\BOOKMARK [0][-]{chapter.4}{4 实现}{}% 21
\BOOKMARK [1][-]{section.4.1}{4.1 表格语料库}{chapter.4}% 22
\BOOKMARK [1][-]{section.4.2}{4.2 实体知识库}{chapter.4}% 23
\BOOKMARK [1][-]{section.4.3}{4.3 数据预处理}{chapter.4}% 24
\BOOKMARK [1][-]{section.4.4}{4.4 本章小结}{chapter.4}% 25
\BOOKMARK [0][-]{chapter.5}{5 实验与评估}{}% 26
\BOOKMARK [1][-]{section.5.1}{5.1 评价标准}{chapter.5}% 27
\BOOKMARK [1][-]{section.5.2}{5.2 几种方法的比较}{chapter.5}% 28
\BOOKMARK [1][-]{section.5.3}{5.3 结果分析}{chapter.5}% 29
\BOOKMARK [1][-]{section.5.4}{5.4 本章小结}{chapter.5}% 30
\BOOKMARK [0][-]{chapter.6}{6 总结与展望}{}% 31
\BOOKMARK [1][-]{section.6.1}{6.1 工作总结}{chapter.6}% 32
\BOOKMARK [1][-]{section.6.2}{6.2 未来展望}{chapter.6}% 33
\BOOKMARK [0][-]{section*.16}{致谢}{}% 34
\BOOKMARK [0][-]{chapter*.18}{参考文献}{}% 35
