\BOOKMARK [0][-]{section*.1}{摘要}{}% 1
\BOOKMARK [0][-]{section*.2}{Abstract}{}% 2
\BOOKMARK [0][-]{chapter.1}{1 绪论}{}% 3
\BOOKMARK [1][-]{section.1.1}{1.1 研究动机}{chapter.1}% 4
\BOOKMARK [1][-]{section.1.2}{1.2 研究现状}{chapter.1}% 5
\BOOKMARK [1][-]{section.1.3}{1.3 本文贡献}{chapter.1}% 6
\BOOKMARK [0][-]{chapter.2}{2 基于多知识库的表格实体链接}{}% 7
\BOOKMARK [1][-]{section.2.1}{2.1 任务描述}{chapter.2}% 8
\BOOKMARK [1][-]{section.2.2}{2.2 关键挑战}{chapter.2}% 9
\BOOKMARK [1][-]{section.2.3}{2.3 链接流程}{chapter.2}% 10
\BOOKMARK [1][-]{section.2.4}{2.4 本章小结}{chapter.2}% 11
\BOOKMARK [0][-]{chapter.3}{3 系统描述}{}% 12
\BOOKMARK [1][-]{section.3.1}{3.1 概率图模型}{chapter.3}% 13
\BOOKMARK [1][-]{section.3.2}{3.2 随机游走}{chapter.3}% 14
\BOOKMARK [1][-]{section.3.3}{3.3 方法一: 两步走}{chapter.3}% 15
\BOOKMARK [2][-]{subsection.3.3.1}{3.3.1 单知识库表格实体链接}{section.3.3}% 16
\BOOKMARK [2][-]{subsection.3.3.2}{3.3.2 多知识库优化实体链接}{section.3.3}% 17
\BOOKMARK [1][-]{section.3.4}{3.4 方法二: 融合}{chapter.3}% 18
\BOOKMARK [1][-]{section.3.5}{3.5 EL 与 sameAs 迭代学习}{chapter.3}% 19
\BOOKMARK [1][-]{section.3.6}{3.6 本章小结}{chapter.3}% 20
\BOOKMARK [0][-]{chapter.4}{4 系统实现}{}% 21
\BOOKMARK [1][-]{section.4.1}{4.1 表格语料库}{chapter.4}% 22
\BOOKMARK [1][-]{section.4.2}{4.2 知识库实体}{chapter.4}% 23
\BOOKMARK [1][-]{section.4.3}{4.3 人工标注指称来源}{chapter.4}% 24
\BOOKMARK [1][-]{section.4.4}{4.4 本章小结}{chapter.4}% 25
\BOOKMARK [0][-]{chapter.5}{5 实验与评估}{}% 26
\BOOKMARK [1][-]{section.5.1}{5.1 本章小结}{chapter.5}% 27
\BOOKMARK [0][-]{chapter.6}{6 总结与展望}{}% 28
\BOOKMARK [1][-]{section.6.1}{6.1 工作总结}{chapter.6}% 29
\BOOKMARK [1][-]{section.6.2}{6.2 未来展望}{chapter.6}% 30
\BOOKMARK [0][-]{section*.10}{致谢}{}% 31
\BOOKMARK [0][-]{chapter*.12}{参考文献}{}% 32
\BOOKMARK [0][-]{appendix.A}{A 第一个附录}{}% 33
\BOOKMARK [0][-]{section*.13}{作者简介}{}% 34
